<?xml version="1.0" encoding="UTF-8"?>
<!-- Generated by org.testng.reporters.JUnitReportReporter -->
<testsuite hostname="DESKTOP-286IRRF" failures="0" tests="1" name="ASIS_Login.Login" time="12.312" errors="0" timestamp="2023-12-07T14:08:13 IST" skipped="0">
  <testcase classname="ASIS_Login.Login" name="LoginTest" time="12.312"/>
  <system-out/>
</testsuite> <!-- ASIS_Login.Login -->
